mode: set
karaca/service/walletServiceImpl.go:14.56,15.63 1 1
karaca/service/walletServiceImpl.go:21.2,21.12 1 1
karaca/service/walletServiceImpl.go:15.63,17.17 2 1
karaca/service/walletServiceImpl.go:17.17,19.4 1 0
karaca/service/walletServiceImpl.go:24.79,26.16 2 1
karaca/service/walletServiceImpl.go:30.2,30.102 1 1
karaca/service/walletServiceImpl.go:26.16,28.3 1 1
karaca/service/walletServiceImpl.go:30.102,32.3 1 1
karaca/service/walletServiceImpl.go:32.8,35.3 2 1
karaca/service/walletServiceImpl.go:38.47,40.2 1 1
karaca/service/walletServiceImpl.go:42.84,45.16 2 1
karaca/service/walletServiceImpl.go:48.2,48.20 1 1
karaca/service/walletServiceImpl.go:45.16,47.3 1 1
karaca/service/walletServiceImpl.go:51.73,53.2 1 1
karaca/repository/walletRepositoryImpl.go:13.61,14.19 1 1
karaca/repository/walletRepositoryImpl.go:18.2,19.12 2 1
karaca/repository/walletRepositoryImpl.go:14.19,16.3 1 1
karaca/repository/walletRepositoryImpl.go:22.61,23.19 1 1
karaca/repository/walletRepositoryImpl.go:26.2,26.68 1 1
karaca/repository/walletRepositoryImpl.go:29.2,29.12 1 1
karaca/repository/walletRepositoryImpl.go:23.19,25.3 1 1
karaca/repository/walletRepositoryImpl.go:26.68,28.3 1 1
karaca/repository/walletRepositoryImpl.go:32.49,34.33 2 1
karaca/repository/walletRepositoryImpl.go:37.2,37.16 1 1
karaca/repository/walletRepositoryImpl.go:34.33,36.3 1 1
karaca/repository/walletRepositoryImpl.go:40.86,41.61 1 1
karaca/repository/walletRepositoryImpl.go:41.61,43.3 1 1
karaca/repository/walletRepositoryImpl.go:43.8,45.3 1 1
karaca/repository/walletRepositoryImpl.go:48.61,50.2 1 1
karaca/controller/walletControllerImpl.go:15.75,19.16 3 1
karaca/controller/walletControllerImpl.go:25.2,25.35 1 1
karaca/controller/walletControllerImpl.go:19.16,23.3 3 1
karaca/controller/walletControllerImpl.go:28.85,33.16 4 1
karaca/controller/walletControllerImpl.go:39.2,41.22 2 1
karaca/controller/walletControllerImpl.go:47.2,47.35 1 1
karaca/controller/walletControllerImpl.go:33.16,37.3 3 1
karaca/controller/walletControllerImpl.go:41.22,45.3 3 1
karaca/controller/walletControllerImpl.go:50.75,55.16 4 1
karaca/controller/walletControllerImpl.go:60.2,61.21 2 1
karaca/controller/walletControllerImpl.go:55.16,59.3 3 0
karaca/controller/walletControllerImpl.go:64.72,68.16 3 1
karaca/controller/walletControllerImpl.go:74.2,75.16 2 1
karaca/controller/walletControllerImpl.go:80.2,81.21 2 1
karaca/controller/walletControllerImpl.go:68.16,72.3 3 1
karaca/controller/walletControllerImpl.go:75.16,79.3 3 0
karaca/controller/walletControllerImpl.go:84.75,86.18 1 1
karaca/controller/walletControllerImpl.go:87.22,88.27 1 1
karaca/controller/walletControllerImpl.go:93.23,94.27 1 1
karaca/controller/walletControllerImpl.go:95.22,96.17 1 1
karaca/controller/walletControllerImpl.go:97.10,98.9 1 0
karaca/controller/walletControllerImpl.go:88.27,90.4 1 1
karaca/controller/walletControllerImpl.go:90.9,92.4 1 1
karaca/controller/walletControllerImpl.go:102.70,104.2 1 1
